<?xml version="1.0" encoding="UTF-8"?>
<!-- Generated by org.testng.reporters.JUnitReportReporter -->
<testsuite hostname="ATNSW-BENCH009" name="tests.gmailLoginPF" tests="1" failures="0" timestamp="10 Oct 2016 00:33:42 GMT" time="19.215" errors="0">
  <testcase name="checkGmailLogin" time="19.215" classname="tests.gmailLoginPF"/>
</testsuite> <!-- tests.gmailLoginPF -->
